#
# There is insufficient memory for the Java Runtime Environment to continue.
# Native memory allocation (malloc) failed to allocate 32744 bytes for ChunkPool::allocate
# Possible reasons:
#   The system is out of physical RAM or swap space
#   In 32 bit mode, the process size limit was hit
# Possible solutions:
#   Reduce memory load on the system
#   Increase physical memory or swap space
#   Check if swap backing store is full
#   Use 64 bit Java on a 64 bit OS
#   Decrease Java heap size (-Xmx/-Xms)
#   Decrease number of Java threads
#   Decrease Java thread stack sizes (-Xss)
#   Set larger code cache with -XX:ReservedCodeCacheSize=
# This output file may be truncated or incomplete.
#
#  Out of Memory Error (allocation.cpp:273), pid=5260, tid=3132
#
# JRE version: Java(TM) SE Runtime Environment (8.0_77-b03) (build 1.8.0_77-b03)
# Java VM: Java HotSpot(TM) 64-Bit Server VM (25.77-b03 mixed mode windows-amd64 compressed oops)
# Failed to write core dump. Minidumps are not enabled by default on client versions of Windows
#

---------------  T H R E A D  ---------------

Current thread (0x0000000016e23800):  JavaThread "C1 CompilerThread3" daemon [_thread_in_native, id=3132, stack(0x00000000178d0000,0x00000000179d0000)]

Stack: [0x00000000178d0000,0x00000000179d0000]
[error occurred during error reporting (printing stack bounds), id 0xc0000005]

Native frames: (J=compiled Java code, j=interpreted, Vv=VM code, C=native code)


Current CompileTask:
C1:   1159   45  s!   3       sun.misc.URLClassPath::getLoader (197 bytes)


---------------  P R O C E S S  ---------------

Java Threads: ( => current thread )
  0x0000000016e2a000 JavaThread "Service Thread" daemon [_thread_blocked, id=92, stack(0x00000000179d0000,0x0000000017ad0000)]
=>0x0000000016e23800 JavaThread "C1 CompilerThread3" daemon [_thread_in_native, id=3132, stack(0x00000000178d0000,0x00000000179d0000)]
  0x0000000016e1d000 JavaThread "C2 CompilerThread2" daemon [_thread_blocked, id=1512, stack(0x00000000177d0000,0x00000000178d0000)]
  0x0000000016e1b000 JavaThread "C2 CompilerThread1" daemon [_thread_blocked, id=9796, stack(0x00000000176d0000,0x00000000177d0000)]
  0x0000000016e17800 JavaThread "C2 CompilerThread0" daemon [_thread_blocked, id=2648, stack(0x00000000175d0000,0x00000000176d0000)]
  0x0000000016e16000 JavaThread "Attach Listener" daemon [_thread_blocked, id=7236, stack(0x00000000174d0000,0x00000000175d0000)]
  0x0000000016e15000 JavaThread "Signal Dispatcher" daemon [_thread_blocked, id=1196, stack(0x00000000173d0000,0x00000000174d0000)]
  0x0000000016e10800 JavaThread "Finalizer" daemon [_thread_blocked, id=8636, stack(0x00000000171f0000,0x00000000172f0000)]
  0x0000000002404000 JavaThread "Reference Handler" daemon [_thread_blocked, id=10540, stack(0x0000000016cf0000,0x0000000016df0000)]
  0x0000000002310800 JavaThread "main" [_thread_in_vm, id=188, stack(0x0000000002210000,0x0000000002310000)]

Other Threads:
  0x0000000014f29000 VMThread [stack: 0x0000000016bf0000,0x0000000016cf0000] [id=5212]
  0x0000000016ead800 WatcherThread [stack: 0x0000000017ad0000,0x0000000017bd0000] [id=11200]

VM state:not at safepoint (normal execution)

VM Mutex/Monitor currently owned by a thread: None

Heap:
 PSYoungGen      total 38400K, used 2013K [0x00000000eab00000, 0x00000000ed580000, 0x0000000100000000)
  eden space 33280K, 6% used [0x00000000eab00000,0x00000000eacf7670,0x00000000ecb80000)
  from space 5120K, 0% used [0x00000000ed080000,0x00000000ed080000,0x00000000ed580000)
  to   space 5120K, 0% used [0x00000000ecb80000,0x00000000ecb80000,0x00000000ed080000)
 ParOldGen       total 87552K, used 0K [0x00000000c0000000, 0x00000000c5580000, 0x00000000eab00000)
  object space 87552K, 0% used [0x00000000c0000000,0x00000000c0000000,0x00000000c5580000)
 Metaspace       used 2963K, capacity 4656K, committed 4864K, reserved 1056768K
  class space    used 323K, capacity 424K, committed 512K, reserved 1048576K

Card table byte_map: [0x00000000117d0000,0x00000000119e0000] byte_map_base: 0x00000000111d0000

Marking Bits: (ParMarkBitMap*) 0x0000000074eb0600
 Begin Bits: [0x0000000012340000, 0x0000000013340000)
 End Bits:   [0x0000000013340000, 0x0000000014340000)

Polling page: 0x0000000000920000

CodeCache: size=245760Kb used=1120Kb max_used=1120Kb free=244639Kb
 bounds [0x0000000002410000, 0x0000000002680000, 0x0000000011410000]
 total_blobs=277 nmethods=43 adapters=148
 compilation: enabled

Compilation events (10 events):
Event: 1.115 Thread 0x0000000016e23800 nmethod 38 0x0000000002526410 code [0x0000000002526560, 0x00000000025266d0]
Event: 1.119 Thread 0x0000000016e23800   40       1       java.net.URL::getHost (5 bytes)
Event: 1.119 Thread 0x0000000016e23800 nmethod 40 0x0000000002526750 code [0x00000000025268a0, 0x00000000025269b0]
Event: 1.120 Thread 0x0000000016e23800   41       1       java.net.URL::getProtocol (5 bytes)
Event: 1.120 Thread 0x0000000016e23800 nmethod 41 0x0000000002526a10 code [0x0000000002526b60, 0x0000000002526c70]
Event: 1.122 Thread 0x0000000016e23800   42       3       java.lang.AbstractStringBuilder::append (50 bytes)
Event: 1.123 Thread 0x0000000016e23800 nmethod 42 0x0000000002526cd0 code [0x0000000002526e60, 0x0000000002527368]
Event: 1.123 Thread 0x0000000016e23800   43       3       java.util.HashMap::hash (20 bytes)
Event: 1.124 Thread 0x0000000016e23800 nmethod 43 0x0000000002527550 code [0x00000000025276c0, 0x0000000002527908]
Event: 1.150 Thread 0x0000000016e23800   45  s!   3       sun.misc.URLClassPath::getLoader (197 bytes)

GC Heap History (0 events):
No events

Deoptimization events (0 events):
No events

Internal exceptions (2 events):
Event: 0.238 Thread 0x0000000002310800 Exception <a 'java/lang/NoSuchMethodError': Method sun.misc.Unsafe.defineClass(Ljava/lang/String;[BII)Ljava/lang/Class; name or signature does not match> (0x00000000eab07cc0) thrown at [D:\re\workspace\8-2-build-windows-amd64-cygwin\jdk8u77\6540\hotspot\srRΩÒ˜√ÅŒ?
Event: 0.238 Thread 0x0000000002310800 Exception <a 'java/lang/NoSuchMethodError': Method sun.misc.Unsafe.prefetchRead(Ljava/lang/Object;J)V name or signature does not match> (0x00000000eab07fa8) thrown at [D:\re\workspace\8-2-build-windows-amd64-cygwin\jdk8u77\6540\hotspot\src\share\vm\prims\j

Events (10 events):
Event: 1.121 loading class com/android/dx/command/DxConsole$1
Event: 1.121 loading class com/android/dx/command/DxConsole$1 done
Event: 1.122 loading class com/android/dx/dex/DexOptions
Event: 1.123 loading class com/android/dx/dex/DexOptions done
Event: 1.150 loading class com/android/dx/dex/file/DexFile
Event: 1.150 loading class com/android/dx/dex/file/DexFile done
Event: 1.153 loading class com/android/dx/dex/file/Section
Event: 1.154 loading class com/android/dx/dex/file/Section done
Event: 1.155 loading class com/android/dx/dex/file/MixedItemSection
Event: 1.155 loading class com/android/dx/dex/file/MixedItemSection done


Dynamic libraries:
0x00007ff7582a0000 - 0x00007ff7582d7000 	C:\Program Files\Java\jdk1.8.0_77\bin\java.exe
0x00007ff86ebf0000 - 0x00007ff86edb1000 	C:\Windows\SYSTEM32\ntdll.dll
0x00007ff86cae0000 - 0x00007ff86cb8d000 	C:\Windows\system32\KERNEL32.DLL
0x00007ff86b3c0000 - 0x00007ff86b5a8000 	C:\Windows\system32\KERNELBASE.dll
0x00007ff86c790000 - 0x00007ff86c837000 	C:\Windows\system32\ADVAPI32.dll
0x00007ff86ccf0000 - 0x00007ff86cd8d000 	C:\Windows\system32\msvcrt.dll
0x00007ff86c9d0000 - 0x00007ff86ca2b000 	C:\Windows\system32\sechost.dll
0x00007ff86c390000 - 0x00007ff86c4ac000 	C:\Windows\system32\RPCRT4.dll
0x00007ff86c170000 - 0x00007ff86c2c6000 	C:\Windows\system32\USER32.dll
0x00007ff86c840000 - 0x00007ff86c9c6000 	C:\Windows\system32\GDI32.dll
0x00007ff85dad0000 - 0x00007ff85dd44000 	C:\Windows\WinSxS\amd64_microsoft.windows.common-controls_6595b64144ccf1df_6.0.10586.0_none_8c15ae12515e1c22\COMCTL32.dll
0x00007ff86d1c0000 - 0x00007ff86d43d000 	C:\Windows\system32\combase.dll
0x00007ff86bef0000 - 0x00007ff86bf5a000 	C:\Windows\system32\bcryptPrimitives.dll
0x00007ff86ca30000 - 0x00007ff86ca6b000 	C:\Windows\system32\IMM32.DLL
0x0000000074140000 - 0x0000000074212000 	C:\Program Files\Java\jdk1.8.0_77\jre\bin\msvcr100.dll
0x00000000746a0000 - 0x0000000074f30000 	C:\Program Files\Java\jdk1.8.0_77\jre\bin\server\jvm.dll
0x00007ff86c160000 - 0x00007ff86c168000 	C:\Windows\system32\PSAPI.DLL
0x00007ff858750000 - 0x00007ff858759000 	C:\Windows\SYSTEM32\WSOCK32.dll
0x00007ff86ca70000 - 0x00007ff86cadb000 	C:\Windows\system32\WS2_32.dll
0x00007ff869550000 - 0x00007ff869573000 	C:\Windows\SYSTEM32\WINMM.dll
0x00007ff8672f0000 - 0x00007ff8672fa000 	C:\Windows\SYSTEM32\VERSION.dll
0x00007ff8694f0000 - 0x00007ff86951c000 	C:\Windows\SYSTEM32\WINMMBASE.dll
0x00007ff86b2c0000 - 0x00007ff86b303000 	C:\Windows\system32\cfgmgr32.dll
0x00000000745b0000 - 0x00000000745bf000 	C:\Program Files\Java\jdk1.8.0_77\jre\bin\verify.dll
0x0000000074580000 - 0x00000000745a9000 	C:\Program Files\Java\jdk1.8.0_77\jre\bin\java.dll
0x0000000074560000 - 0x0000000074576000 	C:\Program Files\Java\jdk1.8.0_77\jre\bin\zip.dll
0x00007ff86d5c0000 - 0x00007ff86eb1c000 	C:\Windows\system32\SHELL32.dll
0x00007ff86b6d0000 - 0x00007ff86bd14000 	C:\Windows\system32\windows.storage.dll
0x00007ff86c330000 - 0x00007ff86c382000 	C:\Windows\system32\shlwapi.dll
0x00007ff86b290000 - 0x00007ff86b29f000 	C:\Windows\system32\kernel.appcore.dll
0x00007ff86b610000 - 0x00007ff86b6c5000 	C:\Windows\system32\shcore.dll
0x00007ff86b220000 - 0x00007ff86b26b000 	C:\Windows\system32\powrprof.dll
0x00007ff86b270000 - 0x00007ff86b284000 	C:\Windows\system32\profapi.dll

VM Arguments:
jvm_args: -Djava.awt.headless=true -Xmx1024M -Dfile.encoding=windows-1252 -Duser.country=US -Duser.language=en -Duser.variant 
java_command: com.android.dx.command.Main --dex --num-threads=4 --output C:\Users\kuzne\projects\TestUTFBug\app\build\intermediates\pre-dexed\development\debug\io.reactivex-rxandroid-1.0.1_6a90f462e694bd5caecdf52b5b1d1d4e8fa203d9.jar C:\Users\kuzne\projects\TestUTFBug\app\build\intermediates\exploded-aar\io.reactivex\rxandroid\1.0.1\jars\classes.jar
java_class_path (initial): C:\Android\sdk\build-tools\23.0.3\lib\dx.jar
Launcher Type: SUN_STANDARD

Environment Variables:
PATH=C:\ProgramData\Oracle\Java\javapath;C:\Windows\system32;C:\Windows;C:\Windows\System32\Wbem;C:\Windows\System32\WindowsPowerShell\v1.0\;C:\Program Files (x86)\ATI Technologies\ATI.ACE\Core-Static;C:\Program Files\Git\cmd;C:\Program Files (x86)\Skype\Phone\;C:\Program Files (x86)\Windows Kits\10\Windows Performance Toolkit\;C:\Android\sdk\platform-tools\
USERNAME=kuzne
OS=Windows_NT
PROCESSOR_IDENTIFIER=Intel64 Family 6 Model 30 Stepping 5, GenuineIntel



---------------  S Y S T E M  ---------------

OS: Windows 10.0 , 64 bit Build 10586 (10.0.10586.0)

CPU:total 8 (4 cores per cpu, 2 threads per core) family 6 model 30 stepping 5, cmov, cx8, fxsr, mmx, sse, sse2, sse3, ssse3, sse4.1, sse4.2, popcnt, ht, tsc, tscinvbit

Memory: 4k page, physical 8319548k(565720k free), swap 10416700k(4108k free)

vm_info: Java HotSpot(TM) 64-Bit Server VM (25.77-b03) for windows-amd64 JRE (1.8.0_77-b03), built on Mar 20 2016 22:01:33 by "java_re" with MS VC++ 10.0 (VS2010)

time: Sat Jul 02 23:02:55 2016
elapsed time: 1 seconds (0d 0h 0m 1s)

