#
# There is insufficient memory for the Java Runtime Environment to continue.
# Native memory allocation (malloc) failed to allocate 273616 bytes for Chunk::new
# Possible reasons:
#   The system is out of physical RAM or swap space
#   In 32 bit mode, the process size limit was hit
# Possible solutions:
#   Reduce memory load on the system
#   Increase physical memory or swap space
#   Check if swap backing store is full
#   Use 64 bit Java on a 64 bit OS
#   Decrease Java heap size (-Xmx/-Xms)
#   Decrease number of Java threads
#   Decrease Java thread stack sizes (-Xss)
#   Set larger code cache with -XX:ReservedCodeCacheSize=
# This output file may be truncated or incomplete.
#
#  Out of Memory Error (allocation.cpp:390), pid=2128, tid=3140
#
# JRE version: Java(TM) SE Runtime Environment (8.0_77-b03) (build 1.8.0_77-b03)
# Java VM: Java HotSpot(TM) 64-Bit Server VM (25.77-b03 mixed mode windows-amd64 compressed oops)
# Failed to write core dump. Minidumps are not enabled by default on client versions of Windows
#

---------------  T H R E A D  ---------------

Current thread (0x0000000017a6b800):  JavaThread "C2 CompilerThread1" daemon [_thread_in_native, id=3140, stack(0x0000000018320000,0x0000000018420000)]

Stack: [0x0000000018320000,0x0000000018420000]
[error occurred during error reporting (printing stack bounds), id 0xc0000005]

Native frames: (J=compiled Java code, j=interpreted, Vv=VM code, C=native code)


Current CompileTask:
C2:   3217  884       4       com.android.dx.ssa.back.LivenessAnalyzer::handleTailRecursion (94 bytes)


---------------  P R O C E S S  ---------------

Java Threads: ( => current thread )
  0x0000000017d98800 JavaThread "pool-1-thread-4" [_thread_in_Java, id=3376, stack(0x0000000019420000,0x0000000019520000)]
  0x0000000017d98000 JavaThread "pool-1-thread-3" [_thread_in_Java, id=10428, stack(0x0000000019320000,0x0000000019420000)]
  0x0000000017d97000 JavaThread "pool-1-thread-2" [_thread_in_Java, id=8772, stack(0x0000000019220000,0x0000000019320000)]
  0x0000000017e33000 JavaThread "pool-2-thread-1" [_thread_blocked, id=9344, stack(0x0000000019120000,0x0000000019220000)]
  0x0000000017e32800 JavaThread "pool-1-thread-1" [_thread_in_Java, id=9468, stack(0x0000000019020000,0x0000000019120000)]
  0x0000000017a7a000 JavaThread "Service Thread" daemon [_thread_blocked, id=6892, stack(0x0000000018620000,0x0000000018720000)]
  0x0000000017a73800 JavaThread "C1 CompilerThread3" daemon [_thread_in_native, id=876, stack(0x0000000018520000,0x0000000018620000)]
  0x0000000017a6d800 JavaThread "C2 CompilerThread2" daemon [_thread_in_native, id=6936, stack(0x0000000018420000,0x0000000018520000)]
=>0x0000000017a6b800 JavaThread "C2 CompilerThread1" daemon [_thread_in_native, id=3140, stack(0x0000000018320000,0x0000000018420000)]
  0x0000000017a67800 JavaThread "C2 CompilerThread0" daemon [_thread_blocked, id=4704, stack(0x0000000018220000,0x0000000018320000)]
  0x0000000017a66000 JavaThread "Attach Listener" daemon [_thread_blocked, id=1020, stack(0x0000000018120000,0x0000000018220000)]
  0x0000000017a65000 JavaThread "Signal Dispatcher" daemon [_thread_blocked, id=11164, stack(0x0000000018020000,0x0000000018120000)]
  0x0000000017a60800 JavaThread "Finalizer" daemon [_thread_blocked, id=11036, stack(0x0000000017e40000,0x0000000017f40000)]
  0x0000000003044000 JavaThread "Reference Handler" daemon [_thread_blocked, id=932, stack(0x0000000017940000,0x0000000017a40000)]
  0x0000000002f50800 JavaThread "main" [_thread_in_Java, id=9564, stack(0x0000000002e50000,0x0000000002f50000)]

Other Threads:
  0x0000000015b69000 VMThread [stack: 0x0000000017840000,0x0000000017940000] [id=5244]
  0x0000000017ae5800 WatcherThread [stack: 0x0000000018720000,0x0000000018820000] [id=9484]

VM state:not at safepoint (normal execution)

VM Mutex/Monitor currently owned by a thread: None

Heap:
 PSYoungGen      total 38400K, used 23570K [0x00000000eab00000, 0x00000000ed580000, 0x0000000100000000)
  eden space 33280K, 70% used [0x00000000eab00000,0x00000000ec204918,0x00000000ecb80000)
  from space 5120K, 0% used [0x00000000ed080000,0x00000000ed080000,0x00000000ed580000)
  to   space 5120K, 0% used [0x00000000ecb80000,0x00000000ecb80000,0x00000000ed080000)
 ParOldGen       total 87552K, used 0K [0x00000000c0000000, 0x00000000c5580000, 0x00000000eab00000)
  object space 87552K, 0% used [0x00000000c0000000,0x00000000c0000000,0x00000000c5580000)
 Metaspace       used 5878K, capacity 6832K, committed 7040K, reserved 1056768K
  class space    used 601K, capacity 616K, committed 640K, reserved 1048576K

Card table byte_map: [0x0000000012410000,0x0000000012620000] byte_map_base: 0x0000000011e10000

Marking Bits: (ParMarkBitMap*) 0x0000000074eb0600
 Begin Bits: [0x0000000012f80000, 0x0000000013f80000)
 End Bits:   [0x0000000013f80000, 0x0000000014f80000)

Polling page: 0x0000000002d70000

CodeCache: size=245760Kb used=3671Kb max_used=3692Kb free=242088Kb
 bounds [0x0000000003050000, 0x00000000033f0000, 0x0000000012050000]
 total_blobs=1170 nmethods=902 adapters=182
 compilation: enabled

Compilation events (10 events):
Event: 3.210 Thread 0x0000000017a73800 nmethod 925 0x00000000033e5650 code [0x00000000033e57c0, 0x00000000033e5c10]
Event: 3.210 Thread 0x0000000017a73800  914       3       java.util.HashMap::afterNodeAccess (1 bytes)
Event: 3.210 Thread 0x0000000017a73800 nmethod 914 0x00000000033e5d10 code [0x00000000033e5e60, 0x00000000033e5fb0]
Event: 3.210 Thread 0x0000000017a73800  917       3       java.util.ArrayList::fastRemove (57 bytes)
Event: 3.211 Thread 0x0000000017a73800 nmethod 917 0x00000000033e6010 code [0x00000000033e6180, 0x00000000033e6568]
Event: 3.211 Thread 0x0000000017a73800  852       1       com.android.dx.ssa.SsaInsn::isNormalMoveInsn (2 bytes)
Event: 3.212 Thread 0x0000000017a73800 nmethod 852 0x00000000033e66d0 code [0x00000000033e6820, 0x00000000033e6930]
Event: 3.212 Thread 0x0000000017a73800  921       3       com.android.dx.rop.code.RegisterSpec::getBasicType (10 bytes)
Event: 3.212 Thread 0x0000000017a73800 nmethod 921 0x00000000033e6990 code [0x00000000033e6b00, 0x00000000033e6d28]
Event: 3.212 Thread 0x0000000017a73800  926       3       com.android.dx.dex.code.LocalSnapshot::<init> (25 bytes)

GC Heap History (0 events):
No events

Deoptimization events (5 events):
Event: 1.314 Thread 0x0000000002f50800 Uncommon trap: reason=unstable_if action=reinterpret pc=0x000000000319c514 method=java.lang.String.compareTo(Ljava/lang/String;)I @ 38
Event: 2.295 Thread 0x0000000017d97000 Uncommon trap: reason=unstable_if action=reinterpret pc=0x0000000003278b9c method=java.util.HashMap.getNode(ILjava/lang/Object;)Ljava/util/HashMap$Node; @ 129
Event: 2.501 Thread 0x0000000017d98000 Uncommon trap: reason=unstable_if action=reinterpret pc=0x0000000003289bf0 method=java.util.BitSet.nextSetBit(I)I @ 87
Event: 2.543 Thread 0x0000000002f50800 Uncommon trap: reason=unstable_if action=reinterpret pc=0x00000000032c3870 method=java.util.BitSet.ensureCapacity(I)V @ 6
Event: 2.903 Thread 0x0000000017d98000 Uncommon trap: reason=unstable_if action=reinterpret pc=0x00000000032b83b4 method=java.util.BitSet.ensureCapacity(I)V @ 6

Internal exceptions (2 events):
Event: 0.308 Thread 0x0000000002f50800 Exception <a 'java/lang/NoSuchMethodError': Method sun.misc.Unsafe.defineClass(Ljava/lang/String;[BII)Ljava/lang/Class; name or signature does not match> (0x00000000eab07cc0) thrown at [D:\re\workspace\8-2-build-windows-amd64-cygwin\jdk8u77\6540\hotspot\sr6ÛI€¿¿”?
Event: 0.309 Thread 0x0000000002f50800 Exception <a 'java/lang/NoSuchMethodError': Method sun.misc.Unsafe.prefetchRead(Ljava/lang/Object;J)V name or signature does not match> (0x00000000eab07fa8) thrown at [D:\re\workspace\8-2-build-windows-amd64-cygwin\jdk8u77\6540\hotspot\src\share\vm\prims\j

Events (10 events):
Event: 2.831 loading class com/android/dx/dex/file/UniformListItem done
Event: 2.833 loading class com/android/dx/dex/file/AnnotationSetRefItem
Event: 2.833 loading class com/android/dx/dex/file/AnnotationSetRefItem done
Event: 2.903 Thread 0x0000000017d98000 Uncommon trap: trap_request=0xffffff65 fr.pc=0x00000000032b83b4
Event: 2.903 Thread 0x0000000017d98000 DEOPT PACKING pc=0x00000000032b83b4 sp=0x000000001941e5f0
Event: 2.903 Thread 0x0000000017d98000 DEOPT UNPACKING pc=0x000000000309582a sp=0x000000001941e4d8 mode 2
Event: 2.963 loading class com/android/dx/dex/file/MethodAnnotationStruct
Event: 2.963 loading class com/android/dx/dex/file/MethodAnnotationStruct done
Event: 2.982 loading class com/android/dx/cf/attrib/AttRuntimeVisibleAnnotations
Event: 2.982 loading class com/android/dx/cf/attrib/AttRuntimeVisibleAnnotations done


Dynamic libraries:
0x00007ff7582a0000 - 0x00007ff7582d7000 	C:\Program Files\Java\jdk1.8.0_77\bin\java.exe
0x00007ff86ebf0000 - 0x00007ff86edb1000 	C:\Windows\SYSTEM32\ntdll.dll
0x00007ff86cae0000 - 0x00007ff86cb8d000 	C:\Windows\system32\KERNEL32.DLL
0x00007ff86b3c0000 - 0x00007ff86b5a8000 	C:\Windows\system32\KERNELBASE.dll
0x00007ff86c790000 - 0x00007ff86c837000 	C:\Windows\system32\ADVAPI32.dll
0x00007ff86ccf0000 - 0x00007ff86cd8d000 	C:\Windows\system32\msvcrt.dll
0x00007ff86c9d0000 - 0x00007ff86ca2b000 	C:\Windows\system32\sechost.dll
0x00007ff86c390000 - 0x00007ff86c4ac000 	C:\Windows\system32\RPCRT4.dll
0x00007ff86c170000 - 0x00007ff86c2c6000 	C:\Windows\system32\USER32.dll
0x00007ff86c840000 - 0x00007ff86c9c6000 	C:\Windows\system32\GDI32.dll
0x00007ff85dad0000 - 0x00007ff85dd44000 	C:\Windows\WinSxS\amd64_microsoft.windows.common-controls_6595b64144ccf1df_6.0.10586.0_none_8c15ae12515e1c22\COMCTL32.dll
0x00007ff86d1c0000 - 0x00007ff86d43d000 	C:\Windows\system32\combase.dll
0x00007ff86bef0000 - 0x00007ff86bf5a000 	C:\Windows\system32\bcryptPrimitives.dll
0x00007ff86ca30000 - 0x00007ff86ca6b000 	C:\Windows\system32\IMM32.DLL
0x0000000074140000 - 0x0000000074212000 	C:\Program Files\Java\jdk1.8.0_77\jre\bin\msvcr100.dll
0x00000000746a0000 - 0x0000000074f30000 	C:\Program Files\Java\jdk1.8.0_77\jre\bin\server\jvm.dll
0x00007ff86c160000 - 0x00007ff86c168000 	C:\Windows\system32\PSAPI.DLL
0x00007ff858750000 - 0x00007ff858759000 	C:\Windows\SYSTEM32\WSOCK32.dll
0x00007ff86ca70000 - 0x00007ff86cadb000 	C:\Windows\system32\WS2_32.dll
0x00007ff869550000 - 0x00007ff869573000 	C:\Windows\SYSTEM32\WINMM.dll
0x00007ff8672f0000 - 0x00007ff8672fa000 	C:\Windows\SYSTEM32\VERSION.dll
0x0000000002d00000 - 0x0000000002d2c000 	C:\Windows\SYSTEM32\WINMMBASE.dll
0x00007ff86b2c0000 - 0x00007ff86b303000 	C:\Windows\system32\cfgmgr32.dll
0x00000000745b0000 - 0x00000000745bf000 	C:\Program Files\Java\jdk1.8.0_77\jre\bin\verify.dll
0x0000000074580000 - 0x00000000745a9000 	C:\Program Files\Java\jdk1.8.0_77\jre\bin\java.dll
0x0000000074560000 - 0x0000000074576000 	C:\Program Files\Java\jdk1.8.0_77\jre\bin\zip.dll
0x00007ff86d5c0000 - 0x00007ff86eb1c000 	C:\Windows\system32\SHELL32.dll
0x00007ff86b6d0000 - 0x00007ff86bd14000 	C:\Windows\system32\windows.storage.dll
0x00007ff86c330000 - 0x00007ff86c382000 	C:\Windows\system32\shlwapi.dll
0x00007ff86b290000 - 0x00007ff86b29f000 	C:\Windows\system32\kernel.appcore.dll
0x00007ff86b610000 - 0x00007ff86b6c5000 	C:\Windows\system32\shcore.dll
0x00007ff86b220000 - 0x00007ff86b26b000 	C:\Windows\system32\powrprof.dll
0x00007ff86b270000 - 0x00007ff86b284000 	C:\Windows\system32\profapi.dll

VM Arguments:
jvm_args: -Djava.awt.headless=true -Xmx1024M -Dfile.encoding=windows-1252 -Duser.country=US -Duser.language=en -Duser.variant 
java_command: com.android.dx.command.Main --dex --num-threads=4 --output C:\Users\kuzne\projects\TestUTFBug\app\build\intermediates\pre-dexed\development\debug\com.android.support-design-23.4.0_d74c5e594c2e3e86815c36ad9655322681d10b36.jar C:\Users\kuzne\projects\TestUTFBug\app\build\intermediates\exploded-aar\com.android.support\design\23.4.0\jars\classes.jar
java_class_path (initial): C:\Android\sdk\build-tools\23.0.3\lib\dx.jar
Launcher Type: SUN_STANDARD

Environment Variables:
PATH=C:\ProgramData\Oracle\Java\javapath;C:\Windows\system32;C:\Windows;C:\Windows\System32\Wbem;C:\Windows\System32\WindowsPowerShell\v1.0\;C:\Program Files (x86)\ATI Technologies\ATI.ACE\Core-Static;C:\Program Files\Git\cmd;C:\Program Files (x86)\Skype\Phone\;C:\Program Files (x86)\Windows Kits\10\Windows Performance Toolkit\;C:\Android\sdk\platform-tools\
USERNAME=kuzne
OS=Windows_NT
PROCESSOR_IDENTIFIER=Intel64 Family 6 Model 30 Stepping 5, GenuineIntel



---------------  S Y S T E M  ---------------

OS: Windows 10.0 , 64 bit Build 10586 (10.0.10586.0)

CPU:total 8 (4 cores per cpu, 2 threads per core) family 6 model 30 stepping 5, cmov, cx8, fxsr, mmx, sse, sse2, sse3, ssse3, sse4.1, sse4.2, popcnt, ht, tsc, tscinvbit

Memory: 4k page, physical 8319548k(555452k free), swap 10416700k(5216k free)

vm_info: Java HotSpot(TM) 64-Bit Server VM (25.77-b03) for windows-amd64 JRE (1.8.0_77-b03), built on Mar 20 2016 22:01:33 by "java_re" with MS VC++ 10.0 (VS2010)

time: Sat Jul 02 23:02:58 2016
elapsed time: 3 seconds (0d 0h 0m 3s)

